-------------------------------------------------------------------------------
Test set: com.training.CustomerServiceTest
-------------------------------------------------------------------------------
Tests run: 5, Failures: 0, Errors: 5, Skipped: 0, Time elapsed: 2.963 s <<< FAILURE! - in com.training.CustomerServiceTest
testFindOneAndDelete  Time elapsed: 0.008 s  <<< ERROR!
java.lang.IllegalStateException: Failed to load ApplicationContext
Caused by: org.springframework.beans.factory.UnsatisfiedDependencyException: Error creating bean with name 'org.springframework.boot.autoconfigure.orm.jpa.HibernateJpaConfiguration': Unsatisfied dependency expressed through constructor parameter 1; nested exception is org.springframework.boot.context.properties.ConfigurationPropertiesBindException: Error creating bean with name 'spring.jpa-org.springframework.boot.autoconfigure.orm.jpa.JpaProperties': Could not bind properties to 'JpaProperties' : prefix=spring.jpa, ignoreInvalidFields=false, ignoreUnknownFields=true; nested exception is org.springframework.boot.context.properties.bind.BindException: Failed to bind properties under 'spring.jpa.show-sql' to boolean
Caused by: org.springframework.boot.context.properties.ConfigurationPropertiesBindException: Error creating bean with name 'spring.jpa-org.springframework.boot.autoconfigure.orm.jpa.JpaProperties': Could not bind properties to 'JpaProperties' : prefix=spring.jpa, ignoreInvalidFields=false, ignoreUnknownFields=true; nested exception is org.springframework.boot.context.properties.bind.BindException: Failed to bind properties under 'spring.jpa.show-sql' to boolean
Caused by: org.springframework.boot.context.properties.bind.BindException: Failed to bind properties under 'spring.jpa.show-sql' to boolean
Caused by: org.springframework.core.convert.ConversionFailedException: Failed to convert from type [java.lang.String] to type [boolean] for value 'trueÂ ## Hibernate Properties'; nested exception is java.lang.IllegalArgumentException: Invalid boolean value 'trueÂ ## Hibernate Properties'
Caused by: java.lang.IllegalArgumentException: Invalid boolean value 'trueÂ ## Hibernate Properties'

testFindOneNotNull  Time elapsed: 0 s  <<< ERROR!
java.lang.IllegalStateException: Failed to load ApplicationContext
Caused by: org.springframework.beans.factory.UnsatisfiedDependencyException: Error creating bean with name 'org.springframework.boot.autoconfigure.orm.jpa.HibernateJpaConfiguration': Unsatisfied dependency expressed through constructor parameter 1; nested exception is org.springframework.boot.context.properties.ConfigurationPropertiesBindException: Error creating bean with name 'spring.jpa-org.springframework.boot.autoconfigure.orm.jpa.JpaProperties': Could not bind properties to 'JpaProperties' : prefix=spring.jpa, ignoreInvalidFields=false, ignoreUnknownFields=true; nested exception is org.springframework.boot.context.properties.bind.BindException: Failed to bind properties under 'spring.jpa.show-sql' to boolean
Caused by: org.springframework.boot.context.properties.ConfigurationPropertiesBindException: Error creating bean with name 'spring.jpa-org.springframework.boot.autoconfigure.orm.jpa.JpaProperties': Could not bind properties to 'JpaProperties' : prefix=spring.jpa, ignoreInvalidFields=false, ignoreUnknownFields=true; nested exception is org.springframework.boot.context.properties.bind.BindException: Failed to bind properties under 'spring.jpa.show-sql' to boolean
Caused by: org.springframework.boot.context.properties.bind.BindException: Failed to bind properties under 'spring.jpa.show-sql' to boolean
Caused by: org.springframework.core.convert.ConversionFailedException: Failed to convert from type [java.lang.String] to type [boolean] for value 'trueÂ ## Hibernate Properties'; nested exception is java.lang.IllegalArgumentException: Invalid boolean value 'trueÂ ## Hibernate Properties'
Caused by: java.lang.IllegalArgumentException: Invalid boolean value 'trueÂ ## Hibernate Properties'

testFindOneAndUpdate  Time elapsed: 0 s  <<< ERROR!
java.lang.IllegalStateException: Failed to load ApplicationContext
Caused by: org.springframework.beans.factory.UnsatisfiedDependencyException: Error creating bean with name 'org.springframework.boot.autoconfigure.orm.jpa.HibernateJpaConfiguration': Unsatisfied dependency expressed through constructor parameter 1; nested exception is org.springframework.boot.context.properties.ConfigurationPropertiesBindException: Error creating bean with name 'spring.jpa-org.springframework.boot.autoconfigure.orm.jpa.JpaProperties': Could not bind properties to 'JpaProperties' : prefix=spring.jpa, ignoreInvalidFields=false, ignoreUnknownFields=true; nested exception is org.springframework.boot.context.properties.bind.BindException: Failed to bind properties under 'spring.jpa.show-sql' to boolean
Caused by: org.springframework.boot.context.properties.ConfigurationPropertiesBindException: Error creating bean with name 'spring.jpa-org.springframework.boot.autoconfigure.orm.jpa.JpaProperties': Could not bind properties to 'JpaProperties' : prefix=spring.jpa, ignoreInvalidFields=false, ignoreUnknownFields=true; nested exception is org.springframework.boot.context.properties.bind.BindException: Failed to bind properties under 'spring.jpa.show-sql' to boolean
Caused by: org.springframework.boot.context.properties.bind.BindException: Failed to bind properties under 'spring.jpa.show-sql' to boolean
Caused by: org.springframework.core.convert.ConversionFailedException: Failed to convert from type [java.lang.String] to type [boolean] for value 'trueÂ ## Hibernate Properties'; nested exception is java.lang.IllegalArgumentException: Invalid boolean value 'trueÂ ## Hibernate Properties'
Caused by: java.lang.IllegalArgumentException: Invalid boolean value 'trueÂ ## Hibernate Properties'

testFindAllNotNull  Time elapsed: 0 s  <<< ERROR!
java.lang.IllegalStateException: Failed to load ApplicationContext
Caused by: org.springframework.beans.factory.UnsatisfiedDependencyException: Error creating bean with name 'org.springframework.boot.autoconfigure.orm.jpa.HibernateJpaConfiguration': Unsatisfied dependency expressed through constructor parameter 1; nested exception is org.springframework.boot.context.properties.ConfigurationPropertiesBindException: Error creating bean with name 'spring.jpa-org.springframework.boot.autoconfigure.orm.jpa.JpaProperties': Could not bind properties to 'JpaProperties' : prefix=spring.jpa, ignoreInvalidFields=false, ignoreUnknownFields=true; nested exception is org.springframework.boot.context.properties.bind.BindException: Failed to bind properties under 'spring.jpa.show-sql' to boolean
Caused by: org.springframework.boot.context.properties.ConfigurationPropertiesBindException: Error creating bean with name 'spring.jpa-org.springframework.boot.autoconfigure.orm.jpa.JpaProperties': Could not bind properties to 'JpaProperties' : prefix=spring.jpa, ignoreInvalidFields=false, ignoreUnknownFields=true; nested exception is org.springframework.boot.context.properties.bind.BindException: Failed to bind properties under 'spring.jpa.show-sql' to boolean
Caused by: org.springframework.boot.context.properties.bind.BindException: Failed to bind properties under 'spring.jpa.show-sql' to boolean
Caused by: org.springframework.core.convert.ConversionFailedException: Failed to convert from type [java.lang.String] to type [boolean] for value 'trueÂ ## Hibernate Properties'; nested exception is java.lang.IllegalArgumentException: Invalid boolean value 'trueÂ ## Hibernate Properties'
Caused by: java.lang.IllegalArgumentException: Invalid boolean value 'trueÂ ## Hibernate Properties'

testCreateNew  Time elapsed: 0 s  <<< ERROR!
java.lang.IllegalStateException: Failed to load ApplicationContext
Caused by: org.springframework.beans.factory.UnsatisfiedDependencyException: Error creating bean with name 'org.springframework.boot.autoconfigure.orm.jpa.HibernateJpaConfiguration': Unsatisfied dependency expressed through constructor parameter 1; nested exception is org.springframework.boot.context.properties.ConfigurationPropertiesBindException: Error creating bean with name 'spring.jpa-org.springframework.boot.autoconfigure.orm.jpa.JpaProperties': Could not bind properties to 'JpaProperties' : prefix=spring.jpa, ignoreInvalidFields=false, ignoreUnknownFields=true; nested exception is org.springframework.boot.context.properties.bind.BindException: Failed to bind properties under 'spring.jpa.show-sql' to boolean
Caused by: org.springframework.boot.context.properties.ConfigurationPropertiesBindException: Error creating bean with name 'spring.jpa-org.springframework.boot.autoconfigure.orm.jpa.JpaProperties': Could not bind properties to 'JpaProperties' : prefix=spring.jpa, ignoreInvalidFields=false, ignoreUnknownFields=true; nested exception is org.springframework.boot.context.properties.bind.BindException: Failed to bind properties under 'spring.jpa.show-sql' to boolean
Caused by: org.springframework.boot.context.properties.bind.BindException: Failed to bind properties under 'spring.jpa.show-sql' to boolean
Caused by: org.springframework.core.convert.ConversionFailedException: Failed to convert from type [java.lang.String] to type [boolean] for value 'trueÂ ## Hibernate Properties'; nested exception is java.lang.IllegalArgumentException: Invalid boolean value 'trueÂ ## Hibernate Properties'
Caused by: java.lang.IllegalArgumentException: Invalid boolean value 'trueÂ ## Hibernate Properties'

